#
# A fatal error has been detected by the Java Runtime Environment:
#
#  EXCEPTION_ACCESS_VIOLATION (0xc0000005) at pc=0x551ea80d, pid=7080, tid=12000
#
# JRE version: Java(TM) SE Runtime Environment (8.0_45-b14) (build 1.8.0_45-b14)
# Java VM: Java HotSpot(TM) Client VM (25.45-b02 mixed mode windows-x86 )
# Problematic frame:
# V  [jvm.dll+0xca80d]
#
# Failed to write core dump. Minidumps are not enabled by default on client versions of Windows
#
# If you would like to submit a bug report, please visit:
#   http://bugreport.java.com/bugreport/crash.jsp
#

---------------  T H R E A D  ---------------

Current thread (0x011b4000):  JavaThread "JDWP Transport Listener: dt_socket" daemon [_thread_in_vm, id=12000, stack(0x006e0000,0x00730000)]

siginfo: ExceptionCode=0xc0000005, reading address 0x4d2f6c69

Registers:
EAX=0x4d2f6c69, EBX=0x00000000, ECX=0x4d2f6c69, EDX=0x00000000
ESP=0x0072f6b8, EBP=0x0072f6bc, ESI=0x011b4000, EDI=0x00267c08
EIP=0x551ea80d, EFLAGS=0x00010206

Top of Stack: (sp=0x0072f6b8)
0x0072f6b8:   011b4000 0072f6e4 55344914 4d2f6c69
0x0072f6c8:   0072f79c 0072f71f 011b4000 00000000
0x0072f6d8:   00000000 00000000 011b4000 0072f720
0x0072f6e8:   56e99f80 00267c08 4d2f6c69 0072f71f
0x0072f6f8:   4d2f6c69 56e8436d 4d2f6c69 0072f71f
0x0072f708:   00000002 00000000 00000000 00000009
0x0072f718:   00000000 00239ce4 0072f740 56e844e0
0x0072f728:   00000001 0072f75c 0072f798 15abc618 

Instructions: (pc=0x551ea80d)
0x551ea7ed:   5d c3 52 e8 5b f9 ff ff 5d c3 cc cc cc cc cc cc
0x551ea7fd:   cc cc cc 55 8b ec 8b 45 08 85 c0 75 02 5d c3 56
0x551ea80d:   8b 30 85 f6 74 17 83 fe 37 74 12 8b 06 8b 50 08
0x551ea81d:   8b ce ff d2 84 c0 74 05 8b c6 5e 5d c3 33 c0 5e 


Register to memory mapping:

EAX=0x4d2f6c69 is an unknown value
EBX=0x00000000 is an unknown value
ECX=0x4d2f6c69 is an unknown value
EDX=0x00000000 is an unknown value
ESP=0x0072f6b8 is pointing into the stack for thread: 0x011b4000
EBP=0x0072f6bc is pointing into the stack for thread: 0x011b4000
ESI=0x011b4000 is a thread
EDI=0x00267c08 is an unknown value


Stack: [0x006e0000,0x00730000],  sp=0x0072f6b8,  free space=317k
Native frames: (J=compiled Java code, j=interpreted, Vv=VM code, C=native code)
V  [jvm.dll+0xca80d]
V  [jvm.dll+0x224914]
C  [jdwp.dll+0x19f80]
C  [jdwp.dll+0x44e0]
C  [jdwp.dll+0x451e]
C  0x47220101


---------------  P R O C E S S  ---------------

Java Threads: ( => current thread )
  0x011dd400 JavaThread "Service Thread" daemon [_thread_blocked, id=13352, stack(0x15670000,0x156c0000)]
  0x011bf000 JavaThread "C1 CompilerThread0" daemon [_thread_blocked, id=11552, stack(0x15610000,0x15660000)]
  0x011b7800 JavaThread "JDWP Command Reader" daemon [_thread_in_native, id=11116, stack(0x153e0000,0x15430000)]
  0x011b5400 JavaThread "JDWP Event Helper Thread" daemon [_thread_blocked, id=9308, stack(0x154d0000,0x15520000)]
=>0x011b4000 JavaThread "JDWP Transport Listener: dt_socket" daemon [_thread_in_vm, id=12000, stack(0x006e0000,0x00730000)]
  0x011a7400 JavaThread "Attach Listener" daemon [_thread_blocked, id=8676, stack(0x15060000,0x150b0000)]
  0x011a4400 JavaThread "Signal Dispatcher" daemon [_thread_blocked, id=14552, stack(0x14cc0000,0x14d10000)]
  0x01170c00 JavaThread "Finalizer" daemon [_thread_blocked, id=10384, stack(0x14df0000,0x14e40000)]
  0x0116f000 JavaThread "Reference Handler" daemon [_thread_blocked, id=10876, stack(0x14f10000,0x14f60000)]
  0x0026d800 JavaThread "main" [_thread_blocked, id=2560, stack(0x00350000,0x003a0000)]

Other Threads:
  0x0116ac00 VMThread [stack: 0x14d60000,0x14db0000] [id=11516]
  0x011de800 WatcherThread [stack: 0x15750000,0x157a0000] [id=13296]

VM state:not at safepoint (normal execution)

VM Mutex/Monitor currently owned by a thread: None

Heap:
 def new generation   total 4928K, used 209K [0x04800000, 0x04d50000, 0x09d50000)
  eden space 4416K,   1% used [0x04800000, 0x0480be90, 0x04c50000)
  from space 512K,  31% used [0x04c50000, 0x04c78920, 0x04cd0000)
  to   space 512K,   0% used [0x04cd0000, 0x04cd0000, 0x04d50000)
 tenured generation   total 10944K, used 5199K [0x09d50000, 0x0a800000, 0x14800000)
   the space 10944K,  47% used [0x09d50000, 0x0a263e78, 0x0a264000, 0x0a800000)
 Metaspace       used 8190K, capacity 8233K, committed 8320K, reserved 8576K

Card table byte_map: [0x00d90000,0x00e20000] byte_map_base: 0x00d6c000

Polling page: 0x00180000

CodeCache: size=32768Kb used=1385Kb max_used=1385Kb free=31382Kb
 bounds [0x027e0000, 0x02940000, 0x047e0000]
 total_blobs=632 nmethods=466 adapters=105
 compilation: enabled

Compilation events (10 events):
Event: 88.484 Thread 0x011bf000  470             java.lang.ref.Finalizer::access$100 (6 bytes)
Event: 88.484 Thread 0x011bf000 nmethod 470 0x029396c8 code [0x029397c0, 0x0293985c]
Event: 88.484 Thread 0x011bf000  471   !         java.lang.ref.Finalizer::runFinalizer (62 bytes)
Event: 88.485 Thread 0x011bf000 nmethod 471 0x02939908 code [0x02939a30, 0x02939d68]
Event: 88.485 Thread 0x011bf000  472             java.lang.ref.Finalizer::hasBeenFinalized (14 bytes)
Event: 88.485 Thread 0x011bf000 nmethod 472 0x02939f08 code [0x0293a000, 0x0293a090]
Event: 88.485 Thread 0x011bf000  473   !         java.lang.ref.Finalizer::remove (94 bytes)
Event: 88.486 Thread 0x011bf000 nmethod 473 0x0293a0c8 code [0x0293a1e0, 0x0293a490]
Event: 88.486 Thread 0x011bf000  474             java.lang.System$2::invokeFinalize (5 bytes)
Event: 88.486 Thread 0x011bf000 nmethod 474 0x0293a5c8 code [0x0293a6d0, 0x0293a76c]

GC Heap History (10 events):
Event: 1.947 GC heap before
{Heap before GC invocations=3 (full 0):
 def new generation   total 4928K, used 4928K [0x04800000, 0x04d50000, 0x09d50000)
  eden space 4416K, 100% used [0x04800000, 0x04c50000, 0x04c50000)
  from space 512K, 100% used [0x04cd0000, 0x04d50000, 0x04d50000)
  to   space 512K,   0% used [0x04c50000, 0x04c50000, 0x04cd0000)
 tenured generation   total 10944K, used 2169K [0x09d50000, 0x0a800000, 0x14800000)
   the space 10944K,  19% used [0x09d50000, 0x09f6e480, 0x09f6e600, 0x0a800000)
 Metaspace       used 6021K, capacity 6055K, committed 6144K, reserved 6528K
Event: 1.951 GC heap after
Heap after GC invocations=4 (full 0):
 def new generation   total 4928K, used 512K [0x04800000, 0x04d50000, 0x09d50000)
  eden space 4416K,   0% used [0x04800000, 0x04800000, 0x04c50000)
  from space 512K, 100% used [0x04c50000, 0x04cd0000, 0x04cd0000)
  to   space 512K,   0% used [0x04cd0000, 0x04cd0000, 0x04d50000)
 tenured generation   total 10944K, used 3433K [0x09d50000, 0x0a800000, 0x14800000)
   the space 10944K,  31% used [0x09d50000, 0x0a0aa580, 0x0a0aa600, 0x0a800000)
 Metaspace       used 6021K, capacity 6055K, committed 6144K, reserved 6528K
}
Event: 2.011 GC heap before
{Heap before GC invocations=4 (full 0):
 def new generation   total 4928K, used 4928K [0x04800000, 0x04d50000, 0x09d50000)
  eden space 4416K, 100% used [0x04800000, 0x04c50000, 0x04c50000)
  from space 512K, 100% used [0x04c50000, 0x04cd0000, 0x04cd0000)
  to   space 512K,   0% used [0x04cd0000, 0x04cd0000, 0x04d50000)
 tenured generation   total 10944K, used 3433K [0x09d50000, 0x0a800000, 0x14800000)
   the space 10944K,  31% used [0x09d50000, 0x0a0aa580, 0x0a0aa600, 0x0a800000)
 Metaspace       used 6445K, capacity 6505K, committed 6656K, reserved 7552K
Event: 2.013 GC heap after
Heap after GC invocations=5 (full 0):
 def new generation   total 4928K, used 511K [0x04800000, 0x04d50000, 0x09d50000)
  eden space 4416K,   0% used [0x04800000, 0x04800000, 0x04c50000)
  from space 512K,  99% used [0x04cd0000, 0x04d4fff8, 0x04d50000)
  to   space 512K,   0% used [0x04c50000, 0x04c50000, 0x04cd0000)
 tenured generation   total 10944K, used 4083K [0x09d50000, 0x0a800000, 0x14800000)
   the space 10944K,  37% used [0x09d50000, 0x0a14ce18, 0x0a14d000, 0x0a800000)
 Metaspace       used 6445K, capacity 6505K, committed 6656K, reserved 7552K
}
Event: 4.836 GC heap before
{Heap before GC invocations=5 (full 0):
 def new generation   total 4928K, used 4927K [0x04800000, 0x04d50000, 0x09d50000)
  eden space 4416K, 100% used [0x04800000, 0x04c50000, 0x04c50000)
  from space 512K,  99% used [0x04cd0000, 0x04d4fff8, 0x04d50000)
  to   space 512K,   0% used [0x04c50000, 0x04c50000, 0x04cd0000)
 tenured generation   total 10944K, used 4083K [0x09d50000, 0x0a800000, 0x14800000)
   the space 10944K,  37% used [0x09d50000, 0x0a14ce18, 0x0a14d000, 0x0a800000)
 Metaspace       used 7148K, capacity 7209K, committed 7296K, reserved 7552K
Event: 4.838 GC heap after
Heap after GC invocations=6 (full 0):
 def new generation   total 4928K, used 512K [0x04800000, 0x04d50000, 0x09d50000)
  eden space 4416K,   0% used [0x04800000, 0x04800000, 0x04c50000)
  from space 512K, 100% used [0x04c50000, 0x04cd0000, 0x04cd0000)
  to   space 512K,   0% used [0x04cd0000, 0x04cd0000, 0x04d50000)
 tenured generation   total 10944K, used 4602K [0x09d50000, 0x0a800000, 0x14800000)
   the space 10944K,  42% used [0x09d50000, 0x0a1cea78, 0x0a1cec00, 0x0a800000)
 Metaspace       used 7148K, capacity 7209K, committed 7296K, reserved 7552K
}
Event: 6.951 GC heap before
{Heap before GC invocations=6 (full 0):
 def new generation   total 4928K, used 4928K [0x04800000, 0x04d50000, 0x09d50000)
  eden space 4416K, 100% used [0x04800000, 0x04c50000, 0x04c50000)
  from space 512K, 100% used [0x04c50000, 0x04cd0000, 0x04cd0000)
  to   space 512K,   0% used [0x04cd0000, 0x04cd0000, 0x04d50000)
 tenured generation   total 10944K, used 4602K [0x09d50000, 0x0a800000, 0x14800000)
   the space 10944K,  42% used [0x09d50000, 0x0a1cea78, 0x0a1cec00, 0x0a800000)
 Metaspace       used 7803K, capacity 7849K, committed 7936K, reserved 8576K
Event: 6.953 GC heap after
Heap after GC invocations=7 (full 0):
 def new generation   total 4928K, used 512K [0x04800000, 0x04d50000, 0x09d50000)
  eden space 4416K,   0% used [0x04800000, 0x04800000, 0x04c50000)
  from space 512K, 100% used [0x04cd0000, 0x04d50000, 0x04d50000)
  to   space 512K,   0% used [0x04c50000, 0x04c50000, 0x04cd0000)
 tenured generation   total 10944K, used 5102K [0x09d50000, 0x0a800000, 0x14800000)
   the space 10944K,  46% used [0x09d50000, 0x0a24bb68, 0x0a24bc00, 0x0a800000)
 Metaspace       used 7803K, capacity 7849K, committed 7936K, reserved 8576K
}
Event: 88.481 GC heap before
{Heap before GC invocations=7 (full 0):
 def new generation   total 4928K, used 4928K [0x04800000, 0x04d50000, 0x09d50000)
  eden space 4416K, 100% used [0x04800000, 0x04c50000, 0x04c50000)
  from space 512K, 100% used [0x04cd0000, 0x04d50000, 0x04d50000)
  to   space 512K,   0% used [0x04c50000, 0x04c50000, 0x04cd0000)
 tenured generation   total 10944K, used 5102K [0x09d50000, 0x0a800000, 0x14800000)
   the space 10944K,  46% used [0x09d50000, 0x0a24bb68, 0x0a24bc00, 0x0a800000)
 Metaspace       used 8063K, capacity 8105K, committed 8192K, reserved 8576K
Event: 88.482 GC heap after
Heap after GC invocations=8 (full 0):
 def new generation   total 4928K, used 162K [0x04800000, 0x04d50000, 0x09d50000)
  eden space 4416K,   0% used [0x04800000, 0x04800000, 0x04c50000)
  from space 512K,  31% used [0x04c50000, 0x04c78920, 0x04cd0000)
  to   space 512K,   0% used [0x04cd0000, 0x04cd0000, 0x04d50000)
 tenured generation   total 10944K, used 5199K [0x09d50000, 0x0a800000, 0x14800000)
   the space 10944K,  47% used [0x09d50000, 0x0a263e78, 0x0a264000, 0x0a800000)
 Metaspace       used 8063K, capacity 8105K, committed 8192K, reserved 8576K
}

Deoptimization events (0 events):
No events

Internal exceptions (10 events):
Event: 0.365 Thread 0x0026d800 Exception <a 'java/security/PrivilegedActionException'> (0x0487c338) thrown at [C:\re\workspace\8-2-build-windows-i586-cygwin\jdk8u45\3457\hotspot\src\share\vm\prims\jvm.cpp, line 1382]
Event: 0.365 Thread 0x0026d800 Exception <a 'java/security/PrivilegedActionException'> (0x048801e8) thrown at [C:\re\workspace\8-2-build-windows-i586-cygwin\jdk8u45\3457\hotspot\src\share\vm\prims\jvm.cpp, line 1382]
Event: 0.365 Thread 0x0026d800 Exception <a 'java/security/PrivilegedActionException'> (0x04880398) thrown at [C:\re\workspace\8-2-build-windows-i586-cygwin\jdk8u45\3457\hotspot\src\share\vm\prims\jvm.cpp, line 1382]
Event: 1.859 Thread 0x0026d800 Exception <a 'java/lang/NoClassDefFoundError': org/apache/log4j/Priority> (0x04b17580) thrown at [C:\re\workspace\8-2-build-windows-i586-cygwin\jdk8u45\3457\hotspot\src\share\vm\classfile\systemDictionary.cpp, line 199]
Event: 3.070 Thread 0x0026d800 Exception <a 'java/net/ConnectException': Connection refused: connect> (0x049b5e60) thrown at [C:\re\workspace\8-2-build-windows-i586-cygwin\jdk8u45\3457\hotspot\src\share\vm\prims\jni.cpp, line 735]
Event: 4.181 Thread 0x0026d800 Exception <a 'java/net/ConnectException': Connection refused: connect> (0x049b6fc0) thrown at [C:\re\workspace\8-2-build-windows-i586-cygwin\jdk8u45\3457\hotspot\src\share\vm\prims\jni.cpp, line 735]
Event: 4.859 Thread 0x0026d800 Exception <a 'java/lang/ArrayIndexOutOfBoundsException': 18> (0x048f31a0) thrown at [C:\re\workspace\8-2-build-windows-i586-cygwin\jdk8u45\3457\hotspot\src\share\vm\interpreter\interpreterRuntime.cpp, line 366]
Event: 4.859 Thread 0x0026d800 Exception <a 'java/lang/ArrayIndexOutOfBoundsException': 90> (0x048f4460) thrown at [C:\re\workspace\8-2-build-windows-i586-cygwin\jdk8u45\3457\hotspot\src\share\vm\interpreter\interpreterRuntime.cpp, line 366]
Event: 4.859 Thread 0x0026d800 Exception <a 'java/lang/ArrayIndexOutOfBoundsException': 105> (0x048f5e08) thrown at [C:\re\workspace\8-2-build-windows-i586-cygwin\jdk8u45\3457\hotspot\src\share\vm\interpreter\interpreterRuntime.cpp, line 366]
Event: 4.860 Thread 0x0026d800 Exception <a 'java/lang/ArrayIndexOutOfBoundsException': 60> (0x048f6db8) thrown at [C:\re\workspace\8-2-build-windows-i586-cygwin\jdk8u45\3457\hotspot\src\share\vm\interpreter\interpreterRuntime.cpp, line 366]

Events (10 events):
Event: 9945.106 Executing VM operation: EnterInterpOnlyMode
Event: 9945.106 Executing VM operation: EnterInterpOnlyMode done
Event: 9945.106 Executing VM operation: GetCurrentLocation
Event: 9945.106 Executing VM operation: GetCurrentLocation done
Event: 9945.106 Executing VM operation: ChangeSingleStep
Event: 9945.106 Executing VM operation: ChangeSingleStep done
Event: 9945.107 Executing VM operation: ChangeSingleStep
Event: 9945.107 Executing VM operation: ChangeSingleStep done
Event: 10072.785 Executing VM operation: RedefineClasses
Event: 10072.786 Executing VM operation: RedefineClasses done


Dynamic libraries:
0x013a0000 - 0x013d3000 	C:\Program Files (x86)\Java\jre1.8.0_45\bin\javaw.exe
0x76ee0000 - 0x77060000 	C:\Windows\SysWOW64\ntdll.dll
0x755e0000 - 0x756f0000 	C:\Windows\syswow64\kernel32.dll
0x74ac0000 - 0x74b07000 	C:\Windows\syswow64\KERNELBASE.dll
0x74cc0000 - 0x74d61000 	C:\Windows\syswow64\ADVAPI32.dll
0x75740000 - 0x757ec000 	C:\Windows\syswow64\msvcrt.dll
0x75710000 - 0x75729000 	C:\Windows\SysWOW64\sechost.dll
0x75180000 - 0x75270000 	C:\Windows\syswow64\RPCRT4.dll
0x74830000 - 0x74890000 	C:\Windows\syswow64\SspiCli.dll
0x74820000 - 0x7482c000 	C:\Windows\syswow64\CRYPTBASE.dll
0x74df0000 - 0x74ef0000 	C:\Windows\syswow64\USER32.dll
0x75280000 - 0x75310000 	C:\Windows\syswow64\GDI32.dll
0x749e0000 - 0x749ea000 	C:\Windows\syswow64\LPK.dll
0x76530000 - 0x765cd000 	C:\Windows\syswow64\USP10.dll
0x725c0000 - 0x7275e000 	C:\Windows\WinSxS\x86_microsoft.windows.common-controls_6595b64144ccf1df_6.0.7601.18837_none_41e855142bd5705d\COMCTL32.dll
0x76670000 - 0x766c7000 	C:\Windows\syswow64\SHLWAPI.dll
0x75580000 - 0x755e0000 	C:\Windows\system32\IMM32.DLL
0x74bf0000 - 0x74cbc000 	C:\Windows\syswow64\MSCTF.dll
0x54670000 - 0x5472f000 	C:\Program Files (x86)\Java\jre1.8.0_45\bin\msvcr100.dll
0x55120000 - 0x554e0000 	C:\Program Files (x86)\Java\jre1.8.0_45\bin\client\jvm.dll
0x73d70000 - 0x73d77000 	C:\Windows\system32\WSOCK32.dll
0x74da0000 - 0x74dd5000 	C:\Windows\syswow64\WS2_32.dll
0x76eb0000 - 0x76eb6000 	C:\Windows\syswow64\NSI.dll
0x705e0000 - 0x70612000 	C:\Windows\system32\WINMM.dll
0x73ab0000 - 0x73ab9000 	C:\Windows\system32\VERSION.dll
0x765d0000 - 0x765d5000 	C:\Windows\syswow64\PSAPI.DLL
0x6ff40000 - 0x6ff4c000 	C:\Program Files (x86)\Java\jre1.8.0_45\bin\verify.dll
0x6ff00000 - 0x6ff21000 	C:\Program Files (x86)\Java\jre1.8.0_45\bin\java.dll
0x56e80000 - 0x56ea9000 	C:\Program Files (x86)\Java\jre1.8.0_45\bin\jdwp.dll
0x5b480000 - 0x5b487000 	C:\Program Files (x86)\Java\jre1.8.0_45\bin\npt.dll
0x6fe10000 - 0x6fe23000 	C:\Program Files (x86)\Java\jre1.8.0_45\bin\zip.dll
0x758a0000 - 0x764eb000 	C:\Windows\syswow64\SHELL32.dll
0x75020000 - 0x7517c000 	C:\Windows\syswow64\ole32.dll
0x74be0000 - 0x74beb000 	C:\Windows\syswow64\profapi.dll
0x58c80000 - 0x58c88000 	C:\Program Files (x86)\Java\jre1.8.0_45\bin\dt_socket.dll
0x71a00000 - 0x71a10000 	C:\Windows\system32\NLAapi.dll
0x719d0000 - 0x719e0000 	C:\Windows\system32\napinsp.dll
0x719b0000 - 0x719c2000 	C:\Windows\system32\pnrpnsp.dll
0x737d0000 - 0x7380c000 	C:\Windows\System32\mswsock.dll
0x72180000 - 0x721c4000 	C:\Windows\system32\DNSAPI.dll
0x719a0000 - 0x719a8000 	C:\Windows\System32\winrnr.dll
0x71fb0000 - 0x71fd7000 	C:\Program Files (x86)\Common Files\Microsoft Shared\Windows Live\WLIDNSP.DLL
0x71990000 - 0x7199d000 	C:\Windows\system32\wshbth.dll
0x72ed0000 - 0x72eec000 	C:\Windows\system32\IPHLPAPI.DLL
0x72ec0000 - 0x72ec7000 	C:\Windows\system32\WINNSI.DLL
0x72e50000 - 0x72e88000 	C:\Windows\System32\fwpuclnt.dll
0x722d0000 - 0x722d6000 	C:\Windows\system32\rasadhlp.dll
0x737c0000 - 0x737c5000 	C:\Windows\System32\wshtcpip.dll
0x58d00000 - 0x58d15000 	C:\Program Files (x86)\Java\jre1.8.0_45\bin\net.dll
0x72ef0000 - 0x72ef6000 	C:\Windows\System32\wship6.dll
0x72e90000 - 0x72e9d000 	C:\Windows\system32\dhcpcsvc6.DLL
0x72ea0000 - 0x72eb2000 	C:\Windows\system32\dhcpcsvc.DLL
0x737a0000 - 0x737b7000 	C:\Windows\system32\CRYPTSP.dll
0x73760000 - 0x7379b000 	C:\Windows\system32\rsaenh.dll
0x75880000 - 0x75897000 	C:\Windows\syswow64\USERENV.dll
0x6fe00000 - 0x6fe0f000 	C:\Program Files (x86)\Java\jre1.8.0_45\bin\nio.dll
0x58ce0000 - 0x58d00000 	C:\Program Files (x86)\Java\jre1.8.0_45\bin\sunec.dll
0x72380000 - 0x723cc000 	C:\Windows\system32\apphelp.dll
0x73c50000 - 0x73d3b000 	C:\Windows\system32\dbghelp.dll

VM Arguments:
jvm_args: -agentlib:jdwp=transport=dt_socket,suspend=y,address=localhost:61277 -Dfile.encoding=Cp1252 
java_command: inspections.Inspection
java_class_path (initial): C:\NIH_Disha's Work\Eclipse_workspace\EHSA\bin;C:\Disha Shah\Documents\selenium-2.53.0\selenium-java-2.53.0.jar;C:\Disha Shah\Documents\selenium-2.53.0\selenium-java-2.53.0-srcs.jar;C:\Disha Shah\Documents\selenium-2.53.0\libs\apache-mime4j-0.6.jar;C:\Disha Shah\Documents\selenium-2.53.0\libs\bsh-2.0b4.jar;C:\Disha Shah\Documents\selenium-2.53.0\libs\cglib-nodep-2.1_3.jar;C:\Disha Shah\Documents\selenium-2.53.0\libs\commons-codec-1.10.jar;C:\Disha Shah\Documents\selenium-2.53.0\libs\commons-exec-1.3.jar;C:\Disha Shah\Documents\selenium-2.53.0\libs\commons-io-2.4.jar;C:\Disha Shah\Documents\selenium-2.53.0\libs\commons-logging-1.2.jar;C:\Disha Shah\Documents\selenium-2.53.0\libs\gson-2.3.1.jar;C:\Disha Shah\Documents\selenium-2.53.0\libs\guava-19.0.jar;C:\Disha Shah\Documents\selenium-2.53.0\libs\hamcrest-core-1.3.jar;C:\Disha Shah\Documents\selenium-2.53.0\libs\hamcrest-library-1.3.jar;C:\Disha Shah\Documents\selenium-2.53.0\libs\httpclient-4.5.1.jar;C:\Disha Shah\Documents\selenium-2.53.0\libs\httpcore-4.4.3.jar;C:\Disha Shah\Documents\selenium-2.53.0\libs\httpmime-4.5.jar;C:\Disha Shah\Documents\selenium-2.53.0\libs\jcommander-1.48.jar;C:\Disha Shah\Documents\selenium-2.53.0\libs\jna-4.1.0.jar;C:\Disha Shah\Documents\selenium-2.53.0\libs\jna-platform-4.1.0.jar;C:\Disha Shah\Documents\selenium-2.53.0\libs\junit-4.12.jar;C:\Disha Shah\Documents\selenium-2.53.0\libs\netty-3.5.7.Final.jar;C:\Disha Shah\Documents\selenium-2.53.0\libs\phantomjsdriver-1.2.1.jar;C:\Disha Shah\Documents\selenium-2.53.0\libs\testng-6.9.9.jar
Launcher Type: SUN_STANDARD

Environment Variables:
PATH=C:/Program Files (x86)/Java/jre1.8.0_45/bin/client;C:/Program Files (x86)/Java/jre1.8.0_45/bin;C:/Program Files (x86)/Java/jre1.8.0_45/lib/i386;C:\Program Files\Dell\DW WLAN Card;;C:\ProgramData\Oracle\Java\javapath;C:\Program Files\Common Files\Microsoft Shared\Windows Live;C:\Program Files (x86)\Common Files\Microsoft Shared\Windows Live;C:\Program Files (x86)\Intel\iCLS Client\;C:\Program Files\Intel\iCLS Client\;;C:\Windows\system32;C:\Windows;C:\Windows\System32\Wbem;C:\Windows\System32\WindowsPowerShell\v1.0\;C:\Program Files\Intel\Intel(R) Management Engine Components\DAL;C:\Program Files\Intel\Intel(R) Management Engine Components\IPT;C:\Program Files (x86)\Intel\Intel(R) Management Engine Components\DAL;C:\Program Files (x86)\Intel\Intel(R) Management Engine Components\IPT;C:\Program Files\WIDCOMM\Bluetooth Software\;C:\Program Files\WIDCOMM\Bluetooth Software\syswow64;C:\Program Files\Dell\Dell Data Protection\Access\Advanced\Wave\Gemalto\Access Client\v5\;C:\Program Files (x86)\Security Innovation\SI TSS\bin\;C:\Program Files (x86)\Windows Live\Shared;C:\Program Files (x86)\Common Files\Acronis\SnapAPI\;C:\Program Files (x86)\Intel\OpenCL SDK\2.0\bin\x86;C:\Program Files (x86)\Intel\OpenCL SDK\2.0\bin\x64;C:\Program Files (x86)\QuickTime\QTSystem\;C:\eclipse;
USERNAME=Disha
OS=Windows_NT
PROCESSOR_IDENTIFIER=Intel64 Family 6 Model 58 Stepping 9, GenuineIntel



---------------  S Y S T E M  ---------------

OS: Windows 7 , 64 bit Build 7601 (6.1.7601.18798)

CPU:total 4 (2 cores per cpu, 2 threads per core) family 6 model 58 stepping 9, cmov, cx8, fxsr, mmx, sse, sse2, sse3, ssse3, sse4.1, sse4.2, popcnt, avx, aes, clmul, erms, ht, tsc, tscinvbit, tscinv

Memory: 4k page, physical 16680040k(12758956k free), swap 33358228k(28573420k free)

vm_info: Java HotSpot(TM) Client VM (25.45-b02) for windows-x86 JRE (1.8.0_45-b14), built on Apr 10 2015 10:46:40 by "java_re" with MS VC++ 10.0 (VS2010)

time: Thu Mar 31 14:22:32 2016
elapsed time: 10072 seconds (0d 2h 47m 52s)

