#
# A fatal error has been detected by the Java Runtime Environment:
#
#  EXCEPTION_ACCESS_VIOLATION (0xc0000005) at pc=0x551ea80d, pid=15248, tid=14408
#
# JRE version: Java(TM) SE Runtime Environment (8.0_45-b14) (build 1.8.0_45-b14)
# Java VM: Java HotSpot(TM) Client VM (25.45-b02 mixed mode windows-x86 )
# Problematic frame:
# V  [jvm.dll+0xca80d]
#
# Failed to write core dump. Minidumps are not enabled by default on client versions of Windows
#
# If you would like to submit a bug report, please visit:
#   http://bugreport.java.com/bugreport/crash.jsp
#

---------------  T H R E A D  ---------------

Current thread (0x01134000):  JavaThread "JDWP Transport Listener: dt_socket" daemon [_thread_in_vm, id=14408, stack(0x153b0000,0x15400000)]

siginfo: ExceptionCode=0xc0000005, reading address 0x4d2f6c69

Registers:
EAX=0x4d2f6c69, EBX=0x00000000, ECX=0x4d2f6c69, EDX=0x00000000
ESP=0x153ff1b8, EBP=0x153ff1bc, ESI=0x01134000, EDI=0x00db7c08
EIP=0x551ea80d, EFLAGS=0x00010206

Top of Stack: (sp=0x153ff1b8)
0x153ff1b8:   01134000 153ff1e4 55344914 4d2f6c69
0x153ff1c8:   153ff29c 153ff21f 01134000 00000000
0x153ff1d8:   00000000 00000000 01134000 153ff220
0x153ff1e8:   56e99f80 00db7c08 4d2f6c69 153ff21f
0x153ff1f8:   4d2f6c69 56e8436d 4d2f6c69 153ff21f
0x153ff208:   00000002 00000000 00000000 00000009
0x153ff218:   00000000 001bdd4c 153ff240 56e844e0
0x153ff228:   00000001 153ff25c 153ff298 15c047d8 

Instructions: (pc=0x551ea80d)
0x551ea7ed:   5d c3 52 e8 5b f9 ff ff 5d c3 cc cc cc cc cc cc
0x551ea7fd:   cc cc cc 55 8b ec 8b 45 08 85 c0 75 02 5d c3 56
0x551ea80d:   8b 30 85 f6 74 17 83 fe 37 74 12 8b 06 8b 50 08
0x551ea81d:   8b ce ff d2 84 c0 74 05 8b c6 5e 5d c3 33 c0 5e 


Register to memory mapping:

EAX=0x4d2f6c69 is an unknown value
EBX=0x00000000 is an unknown value
ECX=0x4d2f6c69 is an unknown value
EDX=0x00000000 is an unknown value
ESP=0x153ff1b8 is pointing into the stack for thread: 0x01134000
EBP=0x153ff1bc is pointing into the stack for thread: 0x01134000
ESI=0x01134000 is a thread
EDI=0x00db7c08 is an unknown value


Stack: [0x153b0000,0x15400000],  sp=0x153ff1b8,  free space=316k
Native frames: (J=compiled Java code, j=interpreted, Vv=VM code, C=native code)
V  [jvm.dll+0xca80d]
V  [jvm.dll+0x224914]
C  [jdwp.dll+0x19f80]
C  [jdwp.dll+0x44e0]
C  [jdwp.dll+0x451e]
C  0x881a0101


---------------  P R O C E S S  ---------------

Java Threads: ( => current thread )
  0x0115d400 JavaThread "Service Thread" daemon [_thread_blocked, id=12100, stack(0x15860000,0x158b0000)]
  0x0113f000 JavaThread "C1 CompilerThread0" daemon [_thread_blocked, id=2596, stack(0x15290000,0x152e0000)]
  0x01137800 JavaThread "JDWP Command Reader" daemon [_thread_in_native, id=6228, stack(0x15560000,0x155b0000)]
  0x01135800 JavaThread "JDWP Event Helper Thread" daemon [_thread_blocked, id=2632, stack(0x152f0000,0x15340000)]
=>0x01134000 JavaThread "JDWP Transport Listener: dt_socket" daemon [_thread_in_vm, id=14408, stack(0x153b0000,0x15400000)]
  0x01127400 JavaThread "Attach Listener" daemon [_thread_blocked, id=14440, stack(0x15070000,0x150c0000)]
  0x01124400 JavaThread "Signal Dispatcher" daemon [_thread_blocked, id=7612, stack(0x14d40000,0x14d90000)]
  0x010f4400 JavaThread "Finalizer" daemon [_thread_blocked, id=13340, stack(0x14c90000,0x14ce0000)]
  0x010ef000 JavaThread "Reference Handler" daemon [_thread_blocked, id=11464, stack(0x14df0000,0x14e40000)]
  0x00dbd800 JavaThread "main" [_thread_blocked, id=8512, stack(0x007a0000,0x007f0000)]

Other Threads:
  0x010eac00 VMThread [stack: 0x14ce0000,0x14d30000] [id=9108]
  0x0115e800 WatcherThread [stack: 0x156e0000,0x15730000] [id=7068]

VM state:not at safepoint (normal execution)

VM Mutex/Monitor currently owned by a thread: None

Heap:
 def new generation   total 4928K, used 1931K [0x04800000, 0x04d50000, 0x09d50000)
  eden space 4416K,  32% used [0x04800000, 0x04962d38, 0x04c50000)
  from space 512K, 100% used [0x04cd0000, 0x04d50000, 0x04d50000)
  to   space 512K,   0% used [0x04c50000, 0x04c50000, 0x04cd0000)
 tenured generation   total 10944K, used 5079K [0x09d50000, 0x0a800000, 0x14800000)
   the space 10944K,  46% used [0x09d50000, 0x0a245c38, 0x0a245e00, 0x0a800000)
 Metaspace       used 7943K, capacity 7977K, committed 8064K, reserved 8576K

Card table byte_map: [0x00cf0000,0x00d80000] byte_map_base: 0x00ccc000

Polling page: 0x00130000

CodeCache: size=32768Kb used=1297Kb max_used=1297Kb free=31470Kb
 bounds [0x027e0000, 0x02928000, 0x047e0000]
 total_blobs=559 nmethods=395 adapters=103
 compilation: enabled

Compilation events (10 events):
Event: 11.665 Thread 0x0113f000  397             org.apache.http.message.ParserCursor::getPos (5 bytes)
Event: 11.666 Thread 0x0113f000 nmethod 397 0x02901848 code [0x02901940, 0x029019c0]
Event: 11.666 Thread 0x0113f000  398   !         com.google.gson.Gson::getAdapter (247 bytes)
Event: 11.667 Thread 0x0113f000 nmethod 398 0x02921d48 code [0x02922000, 0x029229ac]
Event: 11.704 Thread 0x0113f000  399             com.google.gson.reflect.TypeToken::getRawType (5 bytes)
Event: 11.704 Thread 0x0113f000 nmethod 399 0x02923b48 code [0x02923c40, 0x02923cc0]
Event: 11.735 Thread 0x0113f000  400             com.google.gson.JsonElement::isJsonPrimitive (5 bytes)
Event: 11.735 Thread 0x0113f000 nmethod 400 0x02923d08 code [0x02923e00, 0x02923ea0]
Event: 11.877 Thread 0x0113f000  401             org.apache.http.message.TokenParser::copyContent (85 bytes)
Event: 11.877 Thread 0x0113f000 nmethod 401 0x02923f08 code [0x02924040, 0x02924284]

GC Heap History (10 events):
Event: 1.586 GC heap before
{Heap before GC invocations=2 (full 0):
 def new generation   total 4928K, used 4928K [0x04800000, 0x04d50000, 0x09d50000)
  eden space 4416K, 100% used [0x04800000, 0x04c50000, 0x04c50000)
  from space 512K, 100% used [0x04c50000, 0x04cd0000, 0x04cd0000)
  to   space 512K,   0% used [0x04cd0000, 0x04cd0000, 0x04d50000)
 tenured generation   total 10944K, used 1500K [0x09d50000, 0x0a800000, 0x14800000)
   the space 10944K,  13% used [0x09d50000, 0x09ec7260, 0x09ec7400, 0x0a800000)
 Metaspace       used 5891K, capacity 5946K, committed 6016K, reserved 6528K
Event: 1.589 GC heap after
Heap after GC invocations=3 (full 0):
 def new generation   total 4928K, used 512K [0x04800000, 0x04d50000, 0x09d50000)
  eden space 4416K,   0% used [0x04800000, 0x04800000, 0x04c50000)
  from space 512K, 100% used [0x04cd0000, 0x04d50000, 0x04d50000)
  to   space 512K,   0% used [0x04c50000, 0x04c50000, 0x04cd0000)
 tenured generation   total 10944K, used 2155K [0x09d50000, 0x0a800000, 0x14800000)
   the space 10944K,  19% used [0x09d50000, 0x09f6ad88, 0x09f6ae00, 0x0a800000)
 Metaspace       used 5891K, capacity 5946K, committed 6016K, reserved 6528K
}
Event: 1.634 GC heap before
{Heap before GC invocations=3 (full 0):
 def new generation   total 4928K, used 4928K [0x04800000, 0x04d50000, 0x09d50000)
  eden space 4416K, 100% used [0x04800000, 0x04c50000, 0x04c50000)
  from space 512K, 100% used [0x04cd0000, 0x04d50000, 0x04d50000)
  to   space 512K,   0% used [0x04c50000, 0x04c50000, 0x04cd0000)
 tenured generation   total 10944K, used 2155K [0x09d50000, 0x0a800000, 0x14800000)
   the space 10944K,  19% used [0x09d50000, 0x09f6ad88, 0x09f6ae00, 0x0a800000)
 Metaspace       used 6021K, capacity 6055K, committed 6144K, reserved 6528K
Event: 1.638 GC heap after
Heap after GC invocations=4 (full 0):
 def new generation   total 4928K, used 512K [0x04800000, 0x04d50000, 0x09d50000)
  eden space 4416K,   0% used [0x04800000, 0x04800000, 0x04c50000)
  from space 512K, 100% used [0x04c50000, 0x04cd0000, 0x04cd0000)
  to   space 512K,   0% used [0x04cd0000, 0x04cd0000, 0x04d50000)
 tenured generation   total 10944K, used 3421K [0x09d50000, 0x0a800000, 0x14800000)
   the space 10944K,  31% used [0x09d50000, 0x0a0a75e0, 0x0a0a7600, 0x0a800000)
 Metaspace       used 6021K, capacity 6055K, committed 6144K, reserved 6528K
}
Event: 1.698 GC heap before
{Heap before GC invocations=4 (full 0):
 def new generation   total 4928K, used 4928K [0x04800000, 0x04d50000, 0x09d50000)
  eden space 4416K, 100% used [0x04800000, 0x04c50000, 0x04c50000)
  from space 512K, 100% used [0x04c50000, 0x04cd0000, 0x04cd0000)
  to   space 512K,   0% used [0x04cd0000, 0x04cd0000, 0x04d50000)
 tenured generation   total 10944K, used 3421K [0x09d50000, 0x0a800000, 0x14800000)
   the space 10944K,  31% used [0x09d50000, 0x0a0a75e0, 0x0a0a7600, 0x0a800000)
 Metaspace       used 6447K, capacity 6505K, committed 6656K, reserved 7552K
Event: 1.700 GC heap after
Heap after GC invocations=5 (full 0):
 def new generation   total 4928K, used 512K [0x04800000, 0x04d50000, 0x09d50000)
  eden space 4416K,   0% used [0x04800000, 0x04800000, 0x04c50000)
  from space 512K, 100% used [0x04cd0000, 0x04d50000, 0x04d50000)
  to   space 512K,   0% used [0x04c50000, 0x04c50000, 0x04cd0000)
 tenured generation   total 10944K, used 4067K [0x09d50000, 0x0a800000, 0x14800000)
   the space 10944K,  37% used [0x09d50000, 0x0a148e78, 0x0a149000, 0x0a800000)
 Metaspace       used 6447K, capacity 6505K, committed 6656K, reserved 7552K
}
Event: 4.522 GC heap before
{Heap before GC invocations=5 (full 0):
 def new generation   total 4928K, used 4928K [0x04800000, 0x04d50000, 0x09d50000)
  eden space 4416K, 100% used [0x04800000, 0x04c50000, 0x04c50000)
  from space 512K, 100% used [0x04cd0000, 0x04d50000, 0x04d50000)
  to   space 512K,   0% used [0x04c50000, 0x04c50000, 0x04cd0000)
 tenured generation   total 10944K, used 4067K [0x09d50000, 0x0a800000, 0x14800000)
   the space 10944K,  37% used [0x09d50000, 0x0a148e78, 0x0a149000, 0x0a800000)
 Metaspace       used 7150K, capacity 7209K, committed 7296K, reserved 7552K
Event: 4.524 GC heap after
Heap after GC invocations=6 (full 0):
 def new generation   total 4928K, used 512K [0x04800000, 0x04d50000, 0x09d50000)
  eden space 4416K,   0% used [0x04800000, 0x04800000, 0x04c50000)
  from space 512K, 100% used [0x04c50000, 0x04cd0000, 0x04cd0000)
  to   space 512K,   0% used [0x04cd0000, 0x04cd0000, 0x04d50000)
 tenured generation   total 10944K, used 4582K [0x09d50000, 0x0a800000, 0x14800000)
   the space 10944K,  41% used [0x09d50000, 0x0a1c9ae8, 0x0a1c9c00, 0x0a800000)
 Metaspace       used 7150K, capacity 7209K, committed 7296K, reserved 7552K
}
Event: 6.362 GC heap before
{Heap before GC invocations=6 (full 0):
 def new generation   total 4928K, used 4928K [0x04800000, 0x04d50000, 0x09d50000)
  eden space 4416K, 100% used [0x04800000, 0x04c50000, 0x04c50000)
  from space 512K, 100% used [0x04c50000, 0x04cd0000, 0x04cd0000)
  to   space 512K,   0% used [0x04cd0000, 0x04cd0000, 0x04d50000)
 tenured generation   total 10944K, used 4582K [0x09d50000, 0x0a800000, 0x14800000)
   the space 10944K,  41% used [0x09d50000, 0x0a1c9ae8, 0x0a1c9c00, 0x0a800000)
 Metaspace       used 7803K, capacity 7849K, committed 7936K, reserved 8576K
Event: 6.364 GC heap after
Heap after GC invocations=7 (full 0):
 def new generation   total 4928K, used 512K [0x04800000, 0x04d50000, 0x09d50000)
  eden space 4416K,   0% used [0x04800000, 0x04800000, 0x04c50000)
  from space 512K, 100% used [0x04cd0000, 0x04d50000, 0x04d50000)
  to   space 512K,   0% used [0x04c50000, 0x04c50000, 0x04cd0000)
 tenured generation   total 10944K, used 5079K [0x09d50000, 0x0a800000, 0x14800000)
   the space 10944K,  46% used [0x09d50000, 0x0a245c38, 0x0a245e00, 0x0a800000)
 Metaspace       used 7803K, capacity 7849K, committed 7936K, reserved 8576K
}

Deoptimization events (0 events):
No events

Internal exceptions (10 events):
Event: 0.248 Thread 0x00dbd800 Exception <a 'java/security/PrivilegedActionException'> (0x0487c778) thrown at [C:\re\workspace\8-2-build-windows-i586-cygwin\jdk8u45\3457\hotspot\src\share\vm\prims\jvm.cpp, line 1382]
Event: 0.248 Thread 0x00dbd800 Exception <a 'java/security/PrivilegedActionException'> (0x04880628) thrown at [C:\re\workspace\8-2-build-windows-i586-cygwin\jdk8u45\3457\hotspot\src\share\vm\prims\jvm.cpp, line 1382]
Event: 0.248 Thread 0x00dbd800 Exception <a 'java/security/PrivilegedActionException'> (0x048807d8) thrown at [C:\re\workspace\8-2-build-windows-i586-cygwin\jdk8u45\3457\hotspot\src\share\vm\prims\jvm.cpp, line 1382]
Event: 1.546 Thread 0x00dbd800 Exception <a 'java/lang/NoClassDefFoundError': org/apache/log4j/Priority> (0x04b12970) thrown at [C:\re\workspace\8-2-build-windows-i586-cygwin\jdk8u45\3457\hotspot\src\share\vm\classfile\systemDictionary.cpp, line 199]
Event: 2.748 Thread 0x00dbd800 Exception <a 'java/net/ConnectException': Connection refused: connect> (0x049a1460) thrown at [C:\re\workspace\8-2-build-windows-i586-cygwin\jdk8u45\3457\hotspot\src\share\vm\prims\jni.cpp, line 735]
Event: 3.862 Thread 0x00dbd800 Exception <a 'java/net/ConnectException': Connection refused: connect> (0x049a25c0) thrown at [C:\re\workspace\8-2-build-windows-i586-cygwin\jdk8u45\3457\hotspot\src\share\vm\prims\jni.cpp, line 735]
Event: 4.555 Thread 0x00dbd800 Exception <a 'java/lang/ArrayIndexOutOfBoundsException': 18> (0x048f0298) thrown at [C:\re\workspace\8-2-build-windows-i586-cygwin\jdk8u45\3457\hotspot\src\share\vm\interpreter\interpreterRuntime.cpp, line 366]
Event: 4.556 Thread 0x00dbd800 Exception <a 'java/lang/ArrayIndexOutOfBoundsException': 90> (0x048f1558) thrown at [C:\re\workspace\8-2-build-windows-i586-cygwin\jdk8u45\3457\hotspot\src\share\vm\interpreter\interpreterRuntime.cpp, line 366]
Event: 4.557 Thread 0x00dbd800 Exception <a 'java/lang/ArrayIndexOutOfBoundsException': 105> (0x048f2f00) thrown at [C:\re\workspace\8-2-build-windows-i586-cygwin\jdk8u45\3457\hotspot\src\share\vm\interpreter\interpreterRuntime.cpp, line 366]
Event: 4.557 Thread 0x00dbd800 Exception <a 'java/lang/ArrayIndexOutOfBoundsException': 60> (0x048f3eb0) thrown at [C:\re\workspace\8-2-build-windows-i586-cygwin\jdk8u45\3457\hotspot\src\share\vm\interpreter\interpreterRuntime.cpp, line 366]

Events (10 events):
Event: 10032.806 Executing VM operation: EnterInterpOnlyMode
Event: 10032.806 Executing VM operation: EnterInterpOnlyMode done
Event: 10032.806 Executing VM operation: GetCurrentLocation
Event: 10032.806 Executing VM operation: GetCurrentLocation done
Event: 10032.806 Executing VM operation: ChangeSingleStep
Event: 10032.806 Executing VM operation: ChangeSingleStep done
Event: 10032.806 Executing VM operation: ChangeSingleStep
Event: 10032.806 Executing VM operation: ChangeSingleStep done
Event: 10160.352 Executing VM operation: RedefineClasses
Event: 10160.353 Executing VM operation: RedefineClasses done


Dynamic libraries:
0x013a0000 - 0x013d3000 	C:\Program Files (x86)\Java\jre1.8.0_45\bin\javaw.exe
0x76ee0000 - 0x77060000 	C:\Windows\SysWOW64\ntdll.dll
0x755e0000 - 0x756f0000 	C:\Windows\syswow64\kernel32.dll
0x74ac0000 - 0x74b07000 	C:\Windows\syswow64\KERNELBASE.dll
0x74cc0000 - 0x74d61000 	C:\Windows\syswow64\ADVAPI32.dll
0x75740000 - 0x757ec000 	C:\Windows\syswow64\msvcrt.dll
0x75710000 - 0x75729000 	C:\Windows\SysWOW64\sechost.dll
0x75180000 - 0x75270000 	C:\Windows\syswow64\RPCRT4.dll
0x74830000 - 0x74890000 	C:\Windows\syswow64\SspiCli.dll
0x74820000 - 0x7482c000 	C:\Windows\syswow64\CRYPTBASE.dll
0x74df0000 - 0x74ef0000 	C:\Windows\syswow64\USER32.dll
0x75280000 - 0x75310000 	C:\Windows\syswow64\GDI32.dll
0x749e0000 - 0x749ea000 	C:\Windows\syswow64\LPK.dll
0x76530000 - 0x765cd000 	C:\Windows\syswow64\USP10.dll
0x725c0000 - 0x7275e000 	C:\Windows\WinSxS\x86_microsoft.windows.common-controls_6595b64144ccf1df_6.0.7601.18837_none_41e855142bd5705d\COMCTL32.dll
0x76670000 - 0x766c7000 	C:\Windows\syswow64\SHLWAPI.dll
0x75580000 - 0x755e0000 	C:\Windows\system32\IMM32.DLL
0x74bf0000 - 0x74cbc000 	C:\Windows\syswow64\MSCTF.dll
0x54670000 - 0x5472f000 	C:\Program Files (x86)\Java\jre1.8.0_45\bin\msvcr100.dll
0x55120000 - 0x554e0000 	C:\Program Files (x86)\Java\jre1.8.0_45\bin\client\jvm.dll
0x73d70000 - 0x73d77000 	C:\Windows\system32\WSOCK32.dll
0x74da0000 - 0x74dd5000 	C:\Windows\syswow64\WS2_32.dll
0x76eb0000 - 0x76eb6000 	C:\Windows\syswow64\NSI.dll
0x705e0000 - 0x70612000 	C:\Windows\system32\WINMM.dll
0x73ab0000 - 0x73ab9000 	C:\Windows\system32\VERSION.dll
0x765d0000 - 0x765d5000 	C:\Windows\syswow64\PSAPI.DLL
0x6ff40000 - 0x6ff4c000 	C:\Program Files (x86)\Java\jre1.8.0_45\bin\verify.dll
0x6ff00000 - 0x6ff21000 	C:\Program Files (x86)\Java\jre1.8.0_45\bin\java.dll
0x56e80000 - 0x56ea9000 	C:\Program Files (x86)\Java\jre1.8.0_45\bin\jdwp.dll
0x5b480000 - 0x5b487000 	C:\Program Files (x86)\Java\jre1.8.0_45\bin\npt.dll
0x6fe10000 - 0x6fe23000 	C:\Program Files (x86)\Java\jre1.8.0_45\bin\zip.dll
0x758a0000 - 0x764eb000 	C:\Windows\syswow64\SHELL32.dll
0x75020000 - 0x7517c000 	C:\Windows\syswow64\ole32.dll
0x74be0000 - 0x74beb000 	C:\Windows\syswow64\profapi.dll
0x58c80000 - 0x58c88000 	C:\Program Files (x86)\Java\jre1.8.0_45\bin\dt_socket.dll
0x71a00000 - 0x71a10000 	C:\Windows\system32\NLAapi.dll
0x719d0000 - 0x719e0000 	C:\Windows\system32\napinsp.dll
0x719b0000 - 0x719c2000 	C:\Windows\system32\pnrpnsp.dll
0x737d0000 - 0x7380c000 	C:\Windows\System32\mswsock.dll
0x72180000 - 0x721c4000 	C:\Windows\system32\DNSAPI.dll
0x719a0000 - 0x719a8000 	C:\Windows\System32\winrnr.dll
0x71fb0000 - 0x71fd7000 	C:\Program Files (x86)\Common Files\Microsoft Shared\Windows Live\WLIDNSP.DLL
0x71990000 - 0x7199d000 	C:\Windows\system32\wshbth.dll
0x72ed0000 - 0x72eec000 	C:\Windows\system32\IPHLPAPI.DLL
0x72ec0000 - 0x72ec7000 	C:\Windows\system32\WINNSI.DLL
0x72e50000 - 0x72e88000 	C:\Windows\System32\fwpuclnt.dll
0x722d0000 - 0x722d6000 	C:\Windows\system32\rasadhlp.dll
0x737c0000 - 0x737c5000 	C:\Windows\System32\wshtcpip.dll
0x58d00000 - 0x58d15000 	C:\Program Files (x86)\Java\jre1.8.0_45\bin\net.dll
0x72ef0000 - 0x72ef6000 	C:\Windows\System32\wship6.dll
0x72e90000 - 0x72e9d000 	C:\Windows\system32\dhcpcsvc6.DLL
0x72ea0000 - 0x72eb2000 	C:\Windows\system32\dhcpcsvc.DLL
0x737a0000 - 0x737b7000 	C:\Windows\system32\CRYPTSP.dll
0x73760000 - 0x7379b000 	C:\Windows\system32\rsaenh.dll
0x75880000 - 0x75897000 	C:\Windows\syswow64\USERENV.dll
0x6fe00000 - 0x6fe0f000 	C:\Program Files (x86)\Java\jre1.8.0_45\bin\nio.dll
0x58ce0000 - 0x58d00000 	C:\Program Files (x86)\Java\jre1.8.0_45\bin\sunec.dll
0x72380000 - 0x723cc000 	C:\Windows\system32\apphelp.dll
0x73c50000 - 0x73d3b000 	C:\Windows\system32\dbghelp.dll

VM Arguments:
jvm_args: -agentlib:jdwp=transport=dt_socket,suspend=y,address=localhost:61231 -Dfile.encoding=Cp1252 
java_command: inspections.Inspection
java_class_path (initial): C:\NIH_Disha's Work\Eclipse_workspace\EHSA\bin;C:\Disha Shah\Documents\selenium-2.53.0\selenium-java-2.53.0.jar;C:\Disha Shah\Documents\selenium-2.53.0\selenium-java-2.53.0-srcs.jar;C:\Disha Shah\Documents\selenium-2.53.0\libs\apache-mime4j-0.6.jar;C:\Disha Shah\Documents\selenium-2.53.0\libs\bsh-2.0b4.jar;C:\Disha Shah\Documents\selenium-2.53.0\libs\cglib-nodep-2.1_3.jar;C:\Disha Shah\Documents\selenium-2.53.0\libs\commons-codec-1.10.jar;C:\Disha Shah\Documents\selenium-2.53.0\libs\commons-exec-1.3.jar;C:\Disha Shah\Documents\selenium-2.53.0\libs\commons-io-2.4.jar;C:\Disha Shah\Documents\selenium-2.53.0\libs\commons-logging-1.2.jar;C:\Disha Shah\Documents\selenium-2.53.0\libs\gson-2.3.1.jar;C:\Disha Shah\Documents\selenium-2.53.0\libs\guava-19.0.jar;C:\Disha Shah\Documents\selenium-2.53.0\libs\hamcrest-core-1.3.jar;C:\Disha Shah\Documents\selenium-2.53.0\libs\hamcrest-library-1.3.jar;C:\Disha Shah\Documents\selenium-2.53.0\libs\httpclient-4.5.1.jar;C:\Disha Shah\Documents\selenium-2.53.0\libs\httpcore-4.4.3.jar;C:\Disha Shah\Documents\selenium-2.53.0\libs\httpmime-4.5.jar;C:\Disha Shah\Documents\selenium-2.53.0\libs\jcommander-1.48.jar;C:\Disha Shah\Documents\selenium-2.53.0\libs\jna-4.1.0.jar;C:\Disha Shah\Documents\selenium-2.53.0\libs\jna-platform-4.1.0.jar;C:\Disha Shah\Documents\selenium-2.53.0\libs\junit-4.12.jar;C:\Disha Shah\Documents\selenium-2.53.0\libs\netty-3.5.7.Final.jar;C:\Disha Shah\Documents\selenium-2.53.0\libs\phantomjsdriver-1.2.1.jar;C:\Disha Shah\Documents\selenium-2.53.0\libs\testng-6.9.9.jar
Launcher Type: SUN_STANDARD

Environment Variables:
PATH=C:/Program Files (x86)/Java/jre1.8.0_45/bin/client;C:/Program Files (x86)/Java/jre1.8.0_45/bin;C:/Program Files (x86)/Java/jre1.8.0_45/lib/i386;C:\Program Files\Dell\DW WLAN Card;;C:\ProgramData\Oracle\Java\javapath;C:\Program Files\Common Files\Microsoft Shared\Windows Live;C:\Program Files (x86)\Common Files\Microsoft Shared\Windows Live;C:\Program Files (x86)\Intel\iCLS Client\;C:\Program Files\Intel\iCLS Client\;;C:\Windows\system32;C:\Windows;C:\Windows\System32\Wbem;C:\Windows\System32\WindowsPowerShell\v1.0\;C:\Program Files\Intel\Intel(R) Management Engine Components\DAL;C:\Program Files\Intel\Intel(R) Management Engine Components\IPT;C:\Program Files (x86)\Intel\Intel(R) Management Engine Components\DAL;C:\Program Files (x86)\Intel\Intel(R) Management Engine Components\IPT;C:\Program Files\WIDCOMM\Bluetooth Software\;C:\Program Files\WIDCOMM\Bluetooth Software\syswow64;C:\Program Files\Dell\Dell Data Protection\Access\Advanced\Wave\Gemalto\Access Client\v5\;C:\Program Files (x86)\Security Innovation\SI TSS\bin\;C:\Program Files (x86)\Windows Live\Shared;C:\Program Files (x86)\Common Files\Acronis\SnapAPI\;C:\Program Files (x86)\Intel\OpenCL SDK\2.0\bin\x86;C:\Program Files (x86)\Intel\OpenCL SDK\2.0\bin\x64;C:\Program Files (x86)\QuickTime\QTSystem\;C:\eclipse;
USERNAME=Disha
OS=Windows_NT
PROCESSOR_IDENTIFIER=Intel64 Family 6 Model 58 Stepping 9, GenuineIntel



---------------  S Y S T E M  ---------------

OS: Windows 7 , 64 bit Build 7601 (6.1.7601.18798)

CPU:total 4 (2 cores per cpu, 2 threads per core) family 6 model 58 stepping 9, cmov, cx8, fxsr, mmx, sse, sse2, sse3, ssse3, sse4.1, sse4.2, popcnt, avx, aes, clmul, erms, ht, tsc, tscinvbit, tscinv

Memory: 4k page, physical 16680040k(12729472k free), swap 33358228k(28535936k free)

vm_info: Java HotSpot(TM) Client VM (25.45-b02) for windows-x86 JRE (1.8.0_45-b14), built on Apr 10 2015 10:46:40 by "java_re" with MS VC++ 10.0 (VS2010)

time: Thu Mar 31 14:22:32 2016
elapsed time: 10160 seconds (0d 2h 49m 20s)

